<<<<<<< HEAD
[INFO] 14:23:25:419 discordiador/(7542:7542): Iniciando Discordiador
[INFO] 14:23:25:656 discordiador/(7542:7542): Discordiador iniciado correctamente
[INFO] 14:23:25:658 discordiador/(7542:7542): Ingrese instrucción por consola. Ingrese *FIN* para finalizar Discordiador
[INFO] 14:23:25:659 discordiador/(7542:7550): Servidor listo para recibir al store
[INFO] 14:23:28:817 discordiador/(7542:7542): 0 - Patota iniciada 
[INFO] 14:23:37:719 discordiador/(7542:7542): Listando tripulantes por consola
[INFO] 14:24:59:506 discordiador/(7581:7581): Iniciando Discordiador
[INFO] 14:24:59:977 discordiador/(7581:7581): Discordiador iniciado correctamente
[INFO] 14:24:59:977 discordiador/(7581:7581): Ingrese instrucción por consola. Ingrese *FIN* para finalizar Discordiador
[INFO] 14:24:59:977 discordiador/(7581:7589): Servidor listo para recibir al store
[INFO] 14:26:38:986 discordiador/(7581:7581): 0 - Patota iniciada 
[INFO] 14:26:53:890 discordiador/(7581:7581): Planificación iniciada
[INFO] 15:03:48:036 discordiador/(8437:8437): Iniciando Discordiador
[INFO] 15:03:48:133 discordiador/(8437:8437): Discordiador iniciado correctamente
[INFO] 15:03:48:133 discordiador/(8437:8437): Ingrese instrucción por consola. Ingrese *FIN* para finalizar Discordiador
[INFO] 15:03:48:133 discordiador/(8437:8440): Servidor listo para recibir al store
[INFO] 15:04:28:257 discordiador/(8437:8437): 0 - Iniciando patota 
[INFO] 15:04:30:257 discordiador/(8437:8437): 0 - Tripulante iniciado 
[INFO] 15:04:30:257 discordiador/(8437:8437): 1 - Tripulante iniciado 
[INFO] 15:04:30:257 discordiador/(8437:8437): 0 - Patota iniciada 
[INFO] 15:04:30:257 discordiador/(8437:8482): 1 - Solicita próxima tarea 
[INFO] 15:04:30:257 discordiador/(8437:8481): 0 - Solicita próxima tarea 
[INFO] 15:04:53:066 discordiador/(8437:8437): Planificación iniciada
[INFO] 15:04:53:066 discordiador/(8437:8482): 1 - Comienza ejecución de tarea 
[INFO] 15:04:53:066 discordiador/(8437:8481): 0 - Comienza ejecución de tarea 
[INFO] 15:04:53:066 discordiador/(8437:8481): 0 - Se desplaza hacia el lugar de la tarea 
[INFO] 15:04:53:066 discordiador/(8437:8482): 1 - Se desplaza hacia el lugar de la tarea 
[INFO] 15:05:01:069 discordiador/(8437:8481): 0 - Tarea finalizada 
[INFO] 15:05:01:069 discordiador/(8437:8481): 0 - Lista de tareas completada, fin de tripulante 
[INFO] 15:05:01:069 discordiador/(8437:8482): 1 - Tarea finalizada 
[INFO] 15:05:01:069 discordiador/(8437:8482): 1 - Lista de tareas completada, fin de tripulante 
[INFO] 15:05:25:472 discordiador/(8437:8437): Listando tripulantes por consola
[INFO] 15:05:32:512 discordiador/(8437:8437): 1 - Iniciando patota 
[INFO] 15:05:34:512 discordiador/(8437:8437): 2 - Tripulante iniciado 
[INFO] 15:05:34:512 discordiador/(8437:8437): 3 - Tripulante iniciado 
[INFO] 15:05:34:512 discordiador/(8437:8437): 4 - Tripulante iniciado 
[INFO] 15:05:34:512 discordiador/(8437:8437): 5 - Tripulante iniciado 
[INFO] 15:05:34:512 discordiador/(8437:8437): 6 - Tripulante iniciado 
[INFO] 15:05:34:512 discordiador/(8437:8437): 1 - Patota iniciada 
[INFO] 15:05:34:512 discordiador/(8437:8492): 6 - Solicita próxima tarea 
[INFO] 15:05:34:513 discordiador/(8437:8491): 5 - Solicita próxima tarea 
[INFO] 15:05:34:513 discordiador/(8437:8490): 4 - Solicita próxima tarea 
[INFO] 15:05:34:513 discordiador/(8437:8489): 3 - Solicita próxima tarea 
[INFO] 15:05:34:513 discordiador/(8437:8488): 2 - Solicita próxima tarea 
[INFO] 15:16:29:686 discordiador/(8700:8700): Iniciando Discordiador
[INFO] 15:16:29:902 discordiador/(8700:8700): Discordiador iniciado correctamente
[INFO] 15:16:29:902 discordiador/(8700:8700): Ingrese instrucción por consola. Ingrese *FIN* para finalizar Discordiador
[INFO] 15:16:29:902 discordiador/(8700:8707): Servidor listo para recibir al store
[INFO] 15:17:50:100 discordiador/(8700:8700): 0 - Iniciando patota 
[INFO] 15:17:52:100 discordiador/(8700:8700): 0 - Tripulante iniciado 
[INFO] 15:17:52:100 discordiador/(8700:8700): 1 - Tripulante iniciado 
[INFO] 15:17:52:100 discordiador/(8700:8700): 0 - Patota iniciada 
[INFO] 15:17:52:100 discordiador/(8700:8725): 1 - Solicita próxima tarea 
[INFO] 15:17:52:100 discordiador/(8700:8724): 0 - Solicita próxima tarea 
[INFO] 15:19:02:685 discordiador/(8700:8700): Planificación iniciada
[INFO] 15:19:02:685 discordiador/(8700:8725): 1 - Comienza ejecución de tarea 
[INFO] 15:19:02:685 discordiador/(8700:8724): 0 - Comienza ejecución de tarea 
[INFO] 15:19:02:685 discordiador/(8700:8724): 0 - Se desplaza hacia el lugar de la tarea 
[INFO] 15:19:02:685 discordiador/(8700:8725): 1 - Se desplaza hacia el lugar de la tarea 
[INFO] 15:19:10:690 discordiador/(8700:8724): 0 - Tarea finalizada 
[INFO] 15:19:10:690 discordiador/(8700:8724): 0 - Lista de tareas completada, fin de tripulante 
[INFO] 15:19:10:690 discordiador/(8700:8725): 1 - Tarea finalizada 
[INFO] 15:19:10:690 discordiador/(8700:8725): 1 - Lista de tareas completada, fin de tripulante 
[INFO] 15:23:33:790 discordiador/(8809:8809): Iniciando Discordiador
[INFO] 15:23:33:977 discordiador/(8809:8809): Discordiador iniciado correctamente
[INFO] 15:23:33:977 discordiador/(8809:8809): Ingrese instrucción por consola. Ingrese *FIN* para finalizar Discordiador
[INFO] 15:23:33:977 discordiador/(8809:8812): Servidor listo para recibir al store
[INFO] 15:23:54:869 discordiador/(8809:8809): 0 - Iniciando patota 
[INFO] 15:23:56:869 discordiador/(8809:8809): 0 - Tripulante iniciado 
[INFO] 15:23:56:870 discordiador/(8809:8809): 1 - Tripulante iniciado 
[INFO] 15:23:56:870 discordiador/(8809:8809): 2 - Tripulante iniciado 
[INFO] 15:23:56:870 discordiador/(8809:8809): 3 - Tripulante iniciado 
[INFO] 15:23:56:870 discordiador/(8809:8809): 4 - Tripulante iniciado 
[INFO] 15:23:56:870 discordiador/(8809:8809): 0 - Patota iniciada 
[INFO] 15:23:56:870 discordiador/(8809:8834): 4 - Solicita próxima tarea 
[INFO] 15:23:56:870 discordiador/(8809:8833): 3 - Solicita próxima tarea 
[INFO] 15:23:56:870 discordiador/(8809:8832): 2 - Solicita próxima tarea 
[INFO] 15:23:56:870 discordiador/(8809:8831): 1 - Solicita próxima tarea 
[INFO] 15:23:56:870 discordiador/(8809:8830): 0 - Solicita próxima tarea 
[INFO] 15:31:14:580 discordiador/(3625:3625): Iniciando Discordiador
[INFO] 15:31:14:594 discordiador/(3625:3625): Discordiador iniciado correctamente
[INFO] 15:31:14:596 discordiador/(3625:3625): Ingrese instrucción por consola. Ingrese *FIN* para finalizar Discordiador
[INFO] 15:31:14:606 discordiador/(3625:3632): Servidor listo para recibir al store
[INFO] 15:31:33:300 discordiador/(3625:3625): 0 - Iniciando patota 
[INFO] 15:31:35:300 discordiador/(3625:3625): 0 - Tripulante iniciado 
[INFO] 15:31:35:300 discordiador/(3625:3625): 1 - Tripulante iniciado 
[INFO] 15:31:35:301 discordiador/(3625:3625): 2 - Tripulante iniciado 
[INFO] 15:31:35:301 discordiador/(3625:3625): 3 - Tripulante iniciado 
[INFO] 15:31:35:301 discordiador/(3625:3625): 4 - Tripulante iniciado 
[INFO] 15:31:35:301 discordiador/(3625:3625): 0 - Patota iniciada 
[INFO] 15:31:35:301 discordiador/(3625:3652): 4 - Solicita próxima tarea 
[INFO] 15:31:35:301 discordiador/(3625:3651): 3 - Solicita próxima tarea 
[INFO] 15:31:35:301 discordiador/(3625:3650): 2 - Solicita próxima tarea 
[INFO] 15:31:35:301 discordiador/(3625:3649): 1 - Solicita próxima tarea 
[INFO] 15:31:35:301 discordiador/(3625:3648): 0 - Solicita próxima tarea 
[INFO] 15:31:54:289 discordiador/(3625:3625): Planificación iniciada
[INFO] 15:32:02:290 discordiador/(3625:3651): 3 - Lista de tareas completada, fin de tripulante 
[INFO] 15:32:02:290 discordiador/(3625:3652): 4 - Lista de tareas completada, fin de tripulante 
[INFO] 15:32:10:292 discordiador/(3625:3650): 2 - Lista de tareas completada, fin de tripulante 
[INFO] 15:32:10:292 discordiador/(3625:3649): 1 - Lista de tareas completada, fin de tripulante 
[INFO] 15:32:18:293 discordiador/(3625:3648): 0 - Lista de tareas completada, fin de tripulante 
[INFO] 15:32:34:391 discordiador/(3625:3625): 1 - Iniciando patota 
[INFO] 15:32:36:391 discordiador/(3625:3625): 5 - Tripulante iniciado 
[INFO] 15:32:36:391 discordiador/(3625:3625): 6 - Tripulante iniciado 
[INFO] 15:32:36:391 discordiador/(3625:3625): 1 - Patota iniciada 
[INFO] 15:32:36:391 discordiador/(3625:3701): 6 - Solicita próxima tarea 
[INFO] 15:32:36:391 discordiador/(3625:3700): 5 - Solicita próxima tarea 
[INFO] 15:32:48:264 discordiador/(3625:3625): Planificación iniciada
[INFO] 15:32:56:267 discordiador/(3625:3701): 6 - Lista de tareas completada, fin de tripulante 
[INFO] 15:33:04:268 discordiador/(3625:3700): 5 - Lista de tareas completada, fin de tripulante 
[INFO] 15:34:13:610 discordiador/(3625:3625): Finalizando discordiador
[INFO] 15:37:12:097 discordiador/(3840:3840): Iniciando Discordiador
[INFO] 15:37:12:140 discordiador/(3840:3840): Discordiador iniciado correctamente
[INFO] 15:37:12:140 discordiador/(3840:3840): Ingrese instrucción por consola. Ingrese *FIN* para finalizar Discordiador
[INFO] 15:37:12:142 discordiador/(3840:3847): Servidor listo para recibir al store
[INFO] 15:37:15:245 discordiador/(3840:3840): Finalizando discordiador
[INFO] 15:37:15:246 discordiador/(3840:3840): Discordiador finalizado correctamente
[INFO] 15:40:41:619 discordiador/(4004:4004): Iniciando Discordiador
[INFO] 15:40:41:660 discordiador/(4004:4004): Discordiador iniciado correctamente
[INFO] 15:40:41:660 discordiador/(4004:4004): Ingrese instrucción por consola. Ingrese *FIN* para finalizar Discordiador
[INFO] 15:40:41:663 discordiador/(4004:4012): Servidor listo para recibir al store
[INFO] 15:41:42:004 discordiador/(4068:4068): Iniciando Discordiador
[INFO] 15:41:42:005 discordiador/(4068:4068): Discordiador iniciado correctamente
[INFO] 15:41:42:006 discordiador/(4068:4068): Ingrese instrucción por consola. Ingrese *FIN* para finalizar Discordiador
[INFO] 15:41:42:006 discordiador/(4068:4075): Servidor listo para recibir al store
[INFO] 15:41:52:231 discordiador/(4084:4084): Iniciando Discordiador
[INFO] 15:41:52:241 discordiador/(4084:4084): Discordiador iniciado correctamente
[INFO] 15:41:52:241 discordiador/(4084:4084): Ingrese instrucción por consola. Ingrese *FIN* para finalizar Discordiador
[INFO] 15:41:52:247 discordiador/(4084:4091): Servidor listo para recibir al store
[INFO] 15:42:39:783 discordiador/(4144:4144): Iniciando Discordiador
[INFO] 15:42:39:784 discordiador/(4144:4144): Discordiador iniciado correctamente
[INFO] 15:42:39:784 discordiador/(4144:4144): Ingrese instrucción por consola. Ingrese *FIN* para finalizar Discordiador
[INFO] 15:42:39:788 discordiador/(4144:4154): Servidor listo para recibir al store
[INFO] 15:44:27:716 discordiador/(4235:4235): Iniciando Discordiador
[INFO] 15:44:27:716 discordiador/(4235:4235): Discordiador iniciado correctamente
[INFO] 15:44:27:716 discordiador/(4235:4235): Ingrese instrucción por consola. Ingrese *FIN* para finalizar Discordiador
[INFO] 15:44:27:720 discordiador/(4235:4242): Servidor listo para recibir al store
[INFO] 15:44:27:720 discordiador/(4235:4242): Se conecto un cliente!
[INFO] 15:44:34:740 discordiador/(4255:4255): Iniciando Discordiador
[INFO] 15:44:34:742 discordiador/(4255:4255): Discordiador iniciado correctamente
[INFO] 15:44:34:742 discordiador/(4255:4255): Ingrese instrucción por consola. Ingrese *FIN* para finalizar Discordiador
[INFO] 15:44:34:742 discordiador/(4255:4262): Servidor listo para recibir al store
[INFO] 15:44:51:208 discordiador/(4286:4286): Iniciando Discordiador
[INFO] 15:44:51:208 discordiador/(4286:4286): Discordiador iniciado correctamente
[INFO] 15:44:51:208 discordiador/(4286:4286): Ingrese instrucción por consola. Ingrese *FIN* para finalizar Discordiador
[INFO] 15:44:51:209 discordiador/(4286:4293): Servidor listo para recibir al store
[INFO] 15:47:17:661 discordiador/(4402:4402): Iniciando Discordiador
[INFO] 15:47:17:661 discordiador/(4402:4402): Discordiador iniciado correctamente
[INFO] 15:47:17:662 discordiador/(4402:4402): Ingrese instrucción por consola. Ingrese *FIN* para finalizar Discordiador
[INFO] 15:47:17:662 discordiador/(4402:4409): Servidor listo para recibir al store
[INFO] 15:49:26:620 discordiador/(4539:4539): Iniciando Discordiador
[INFO] 15:49:26:636 discordiador/(4539:4539): Discordiador iniciado correctamente
[INFO] 15:49:26:636 discordiador/(4539:4539): Ingrese instrucción por consola. Ingrese *FIN* para finalizar Discordiador
[INFO] 15:49:26:637 discordiador/(4539:4546): Servidor listo para recibir al store
[INFO] 15:50:04:719 discordiador/(4588:4588): Iniciando Discordiador
[INFO] 15:50:04:724 discordiador/(4588:4588): Discordiador iniciado correctamente
[INFO] 15:50:04:724 discordiador/(4588:4588): Ingrese instrucción por consola. Ingrese *FIN* para finalizar Discordiador
[INFO] 15:50:04:725 discordiador/(4588:4595): Servidor listo para recibir al store
[INFO] 15:50:32:604 discordiador/(4641:4641): Iniciando Discordiador
[INFO] 15:50:32:604 discordiador/(4641:4641): Discordiador iniciado correctamente
[INFO] 15:50:32:604 discordiador/(4641:4641): Ingrese instrucción por consola. Ingrese *FIN* para finalizar Discordiador
[INFO] 15:50:32:604 discordiador/(4641:4648): Servidor listo para recibir al store
=======
[INFO] 20:56:48:899 discordiador/(9072:9072): No se reconocio la instruccio
[INFO] 18:27:32:667 discordiador/(5057:5057): No se reconocio la instruccion
[INFO] 18:58:18:911 discordiador/(5731:5731): No se reconocio la instruccion
[INFO] 19:07:33:181 discordiador/(6002:6002): No se reconocio la instruccion
[INFO] 19:31:15:513 discordiador/(6553:6553): No se reconocio la instruccion
[INFO] 12:01:44:611 discordiador/(11845:11853): Servidor listo para recibir al hq
[INFO] 12:01:44:813 discordiador/(11845:11852): Servidor listo para recibir al store
[INFO] 12:02:41:654 discordiador/(11912:11929): Servidor listo para recibir al store
[INFO] 12:03:45:233 discordiador/(11993:12000): Servidor listo para recibir al hq
[INFO] 12:04:10:029 discordiador/(12022:12031): Servidor listo para recibir al hq
[INFO] 12:04:10:056 discordiador/(12022:12030): Servidor listo para recibir al store
[INFO] 20:58:44:807 discordiador/(3838:3844): Servidor listo para recibir al hq
[INFO] 20:58:44:835 discordiador/(3838:3843): Servidor listo para recibir al store
[INFO] 20:59:31:247 discordiador/(3942:3948): Servidor listo para recibir al hq
[INFO] 21:01:34:046 discordiador/(4357:4364): Servidor listo para recibir al store
[INFO] 21:02:20:452 discordiador/(4400:4407): Servidor listo para recibir al store
[INFO] 21:02:20:452 discordiador/(4400:4408): Servidor listo para recibir al hq
[INFO] 21:02:48:891 discordiador/(4433:4440): Servidor listo para recibir al hq
[INFO] 21:03:27:461 discordiador/(4484:4490): Servidor listo para recibir al hq
[INFO] 21:03:27:462 discordiador/(4484:4489): Servidor listo para recibir al store
[INFO] 21:05:28:257 discordiador/(4588:4596): Servidor listo para recibir al hq
[INFO] 21:05:28:258 discordiador/(4588:4595): Servidor listo para recibir al store
[INFO] 21:06:30:388 discordiador/(4627:4635): Servidor listo para recibir al hq
[INFO] 21:06:30:388 discordiador/(4627:4634): Servidor listo para recibir al store
[INFO] 21:10:50:712 discordiador/(4766:4774): Servidor listo para recibir al hq
[INFO] 21:10:50:712 discordiador/(4766:4773): Servidor listo para recibir al store
[INFO] 21:15:22:823 discordiador/(4917:4925): Servidor listo para recibir al hq
[INFO] 21:15:22:823 discordiador/(4917:4924): Servidor listo para recibir al store
[INFO] 21:15:44:332 discordiador/(4951:4959): Servidor listo para recibir al store
[INFO] 21:18:57:780 discordiador/(5045:5052): Servidor listo para recibir al store
[INFO] 21:19:54:254 discordiador/(5250:5257): Servidor listo para recibir al store
[INFO] 21:20:36:566 discordiador/(5294:5301): Servidor listo para recibir al store
[INFO] 21:22:12:870 discordiador/(5386:5394): Servidor listo para recibir al hq
[INFO] 21:22:12:872 discordiador/(5386:5393): Servidor listo para recibir al store
[INFO] 21:22:45:566 discordiador/(5424:5431): Servidor listo para recibir al hq
[INFO] 21:23:04:543 discordiador/(5456:5464): Servidor listo para recibir al hq
[INFO] 21:23:04:571 discordiador/(5456:5463): Servidor listo para recibir al store
[INFO] 21:23:22:252 discordiador/(5475:5483): Servidor listo para recibir al hq
[INFO] 21:23:22:253 discordiador/(5475:5482): Servidor listo para recibir al store
[INFO] 21:23:43:010 discordiador/(5502:5510): Servidor listo para recibir al hq
[INFO] 21:23:43:012 discordiador/(5502:5509): Servidor listo para recibir al store
[INFO] 21:24:55:324 discordiador/(5539:5547): Servidor listo para recibir al hq
[INFO] 21:24:55:324 discordiador/(5539:5546): Servidor listo para recibir al store
[INFO] 21:25:49:318 discordiador/(5583:5591): Servidor listo para recibir al hq
[INFO] 21:25:49:318 discordiador/(5583:5590): Servidor listo para recibir al store
[INFO] 21:26:41:840 discordiador/(5621:5629): Servidor listo para recibir al hq
[INFO] 21:26:41:840 discordiador/(5621:5628): Servidor listo para recibir al store
[INFO] 21:27:48:452 discordiador/(5684:5692): Servidor listo para recibir al hq
[INFO] 21:27:48:597 discordiador/(5684:5691): Servidor listo para recibir al store
[INFO] 21:30:00:151 discordiador/(5804:5812): Servidor listo para recibir al hq
[INFO] 15:54:26:662 discordiador/(4803:4803): Iniciando Discordiador
[INFO] 15:54:26:675 discordiador/(4803:4803): Discordiador iniciado correctamente
[INFO] 15:54:26:675 discordiador/(4803:4803): Ingrese instrucción por consola. Ingrese *FIN* para finalizar Discordiador
[INFO] 15:54:26:676 discordiador/(4803:4810): Servidor listo para recibir al store
