[INFO] 14:30:41:673 Servidor/(3816:3816): Servidor listo para recibir al cliente
[INFO] 14:53:55:739 Servidor/(4969:4969): Servidor listo para recibir al cliente
[INFO] 14:54:00:564 Servidor/(4969:4969): Se conecto un cliente!
[INFO] 14:54:00:564 Servidor/(4969:4969): Me llego el mensaje Hola, soy un valor
[ERROR] 14:54:05:488 Servidor/(4969:4969): el cliente se desconecto. Terminando servidor
[INFO] 15:13:53:833 Servidor/(5779:5779): Servidor listo para recibir al cliente
[INFO] 15:14:03:479 Servidor/(5779:5779): Se conecto un cliente!
[INFO] 15:14:03:479 Servidor/(5779:5779): Me llego el mensaje Hola, soy un valor
[ERROR] 15:14:10:426 Servidor/(5779:5779): el cliente se desconecto. Terminando servidor
[INFO] 03:08:00:879 I-Mongo-Store/(3772:3772): El archivo del superBloque ya existe
[INFO] 03:08:00:883 I-Mongo-Store/(3772:3772): comenzando a cargar blocks.ims ...

[INFO] 03:08:00:883 I-Mongo-Store/(3772:3772): El tamanio del archivo creado es de: 16
[INFO] 03:08:00:883 I-Mongo-Store/(3772:3772): agregando recurso...
[INFO] 03:08:00:930 I-Mongo-Store/(3772:3772): agregando recurso...
[INFO] 03:08:00:932 I-Mongo-Store/(3772:3772): agregando recurso...
[INFO] 03:08:00:933 I-Mongo-Store/(3772:3772): Servidor listo para recibir al cliente
[INFO] 03:08:24:838 I-Mongo-Store/(3808:3808): el tamanio de cada bloque es: 4
[INFO] 03:08:24:839 I-Mongo-Store/(3808:3808): la cantidad de bloques es: 4
[INFO] 03:08:24:839 I-Mongo-Store/(3808:3808): comenzando a cargar blocks.ims ...

[INFO] 03:08:24:840 I-Mongo-Store/(3808:3808): El tamanio del archivo creado es de: 16
[INFO] 03:08:24:840 I-Mongo-Store/(3808:3808): agregando recurso...
[INFO] 03:08:24:870 I-Mongo-Store/(3808:3808): agregando recurso...
[INFO] 03:08:24:872 I-Mongo-Store/(3808:3808): agregando recurso...
[INFO] 03:08:24:873 I-Mongo-Store/(3808:3808): Servidor listo para recibir al cliente
